Determining if the function pthread_create exists in the pthreads failed with the following output:
/usr/bin/gmake -f CMakeFiles/cmTryCompileExec.dir/build.make CMakeFiles/cmTryCompileExec.dir/build
gmake[1]: Entering directory `/home/alex/uni/trunk/vermont/CMakeFiles/CMakeTmp'
/usr/bin/cmake -E cmake_progress_report /home/alex/uni/trunk/vermont/CMakeFiles/CMakeTmp/CMakeFiles 1
Building C object CMakeFiles/cmTryCompileExec.dir/usr/share/cmake/Modules/CheckFunctionExists.o
/usr/bin/gcc  -DCHECK_FUNCTION_EXISTS=pthread_create   -o CMakeFiles/cmTryCompileExec.dir/usr/share/cmake/Modules/CheckFunctionExists.o   -c /usr/share/cmake/Modules/CheckFunctionExists.c
Linking C executable cmTryCompileExec
/usr/bin/cmake -P CMakeFiles/cmTryCompileExec.dir/cmake_clean_target.cmake
/usr/bin/gcc      -DCHECK_FUNCTION_EXISTS=pthread_create  -fPIC "CMakeFiles/cmTryCompileExec.dir/usr/share/cmake/Modules/CheckFunctionExists.o"   -o cmTryCompileExec -rdynamic -lpthreads 
/usr/lib/gcc/i686-pc-linux-gnu/4.1.2/../../../../i686-pc-linux-gnu/bin/ld: cannot find -lpthreads
collect2: ld gab 1 als Ende-Status zurück
gmake[1]: *** [cmTryCompileExec] Fehler 1
gmake[1]: Leaving directory `/home/alex/uni/trunk/vermont/CMakeFiles/CMakeTmp'
gmake: *** [cmTryCompileExec/fast] Fehler 2


Determining if the function pthread_create exists in the pthreads failed with the following output:
/usr/bin/gmake -f CMakeFiles/cmTryCompileExec.dir/build.make CMakeFiles/cmTryCompileExec.dir/build
gmake[1]: Entering directory `/home/alex/uni/vermont_merged/CMakeFiles/CMakeTmp'
/usr/bin/cmake -E cmake_progress_report /home/alex/uni/vermont_merged/CMakeFiles/CMakeTmp/CMakeFiles 1
Building C object CMakeFiles/cmTryCompileExec.dir/usr/share/cmake/Modules/CheckFunctionExists.o
/usr/bin/gcc  -DCHECK_FUNCTION_EXISTS=pthread_create   -o CMakeFiles/cmTryCompileExec.dir/usr/share/cmake/Modules/CheckFunctionExists.o   -c /usr/share/cmake/Modules/CheckFunctionExists.c
Linking C executable cmTryCompileExec
/usr/bin/cmake -P CMakeFiles/cmTryCompileExec.dir/cmake_clean_target.cmake
/usr/bin/gcc      -DCHECK_FUNCTION_EXISTS=pthread_create  -fPIC "CMakeFiles/cmTryCompileExec.dir/usr/share/cmake/Modules/CheckFunctionExists.o"   -o cmTryCompileExec -rdynamic -lpthreads 
/usr/lib/gcc/i686-pc-linux-gnu/4.1.2/../../../../i686-pc-linux-gnu/bin/ld: cannot find -lpthreads
collect2: ld gab 1 als Ende-Status zurück
gmake[1]: *** [cmTryCompileExec] Fehler 1
gmake[1]: Leaving directory `/home/alex/uni/vermont_merged/CMakeFiles/CMakeTmp'
gmake: *** [cmTryCompileExec/fast] Fehler 2


